[07:04:2026]-[18:49:21]_secret_RUNNING
[07:04:2026]-[18:49:21]_secret_SUCCESS
[07:04:2026]-[18:49:21]_surprise_RUNNING
[07:04:2026]-[18:49:21]_surprise_SUCCESS
[07:04:2026]-[18:49:31]_secret_RUNNING
[07:04:2026]-[18:49:31]_secret_SUCCESS
[07:04:2026]-[18:49:31]_surprise_RUNNING
[07:04:2026]-[18:49:31]_surprise_SUCCESS
[07:04:2026]-[18:49:41]_secret_RUNNING
[07:04:2026]-[18:49:41]_secret_SUCCESS
[07:04:2026]-[18:49:41]_surprise_RUNNING
[07:04:2026]-[18:49:41]_surprise_SUCCESS
[07:04:2026]-[18:49:51]_secret_RUNNING
[07:04:2026]-[18:49:51]_secret_SUCCESS
[07:04:2026]-[18:49:51]_surprise_RUNNING
[07:04:2026]-[18:49:51]_surprise_SUCCESS
[07:04:2026]-[18:50:01]_secret_RUNNING
[07:04:2026]-[18:50:01]_secret_SUCCESS
[07:04:2026]-[18:50:01]_surprise_RUNNING
[07:04:2026]-[18:50:01]_surprise_SUCCESS
[07:04:2026]-[18:50:11]_secret_RUNNING
[07:04:2026]-[18:50:11]_secret_SUCCESS
[07:04:2026]-[18:50:11]_surprise_RUNNING
[07:04:2026]-[18:50:11]_surprise_SUCCESS
[07:04:2026]-[18:50:21]_secret_RUNNING
[07:04:2026]-[18:50:21]_secret_SUCCESS
[07:04:2026]-[18:50:21]_surprise_RUNNING
[07:04:2026]-[18:50:21]_surprise_SUCCESS
[07:04:2026]-[18:50:31]_secret_RUNNING
[07:04:2026]-[18:50:31]_secret_SUCCESS
[07:04:2026]-[18:50:31]_surprise_RUNNING
[07:04:2026]-[18:50:31]_surprise_SUCCESS
[07:04:2026]-[18:50:41]_secret_RUNNING
[07:04:2026]-[18:50:41]_secret_SUCCESS
[07:04:2026]-[18:50:41]_surprise_RUNNING
[07:04:2026]-[18:50:41]_surprise_SUCCESS
[07:04:2026]-[18:50:51]_secret_RUNNING
[07:04:2026]-[18:50:51]_secret_SUCCESS
[07:04:2026]-[18:50:51]_surprise_RUNNING
[07:04:2026]-[18:50:51]_surprise_SUCCESS
[07:04:2026]-[18:51:01]_secret_RUNNING
[07:04:2026]-[18:51:01]_secret_SUCCESS
[07:04:2026]-[18:51:01]_surprise_RUNNING
[07:04:2026]-[18:51:01]_surprise_SUCCESS
[07:04:2026]-[18:51:11]_secret_RUNNING
[07:04:2026]-[18:51:11]_secret_SUCCESS
[07:04:2026]-[18:51:11]_surprise_RUNNING
[07:04:2026]-[18:51:11]_surprise_SUCCESS
[07:04:2026]-[18:51:21]_secret_RUNNING
[07:04:2026]-[18:51:21]_secret_SUCCESS
[07:04:2026]-[18:51:21]_surprise_RUNNING
[07:04:2026]-[18:51:21]_surprise_SUCCESS
[07:04:2026]-[18:51:31]_secret_RUNNING
[07:04:2026]-[18:51:31]_secret_SUCCESS
[07:04:2026]-[18:51:31]_surprise_RUNNING
[07:04:2026]-[18:51:31]_surprise_SUCCESS
[07:04:2026]-[18:51:41]_secret_RUNNING
[07:04:2026]-[18:51:41]_secret_SUCCESS
[07:04:2026]-[18:51:41]_surprise_RUNNING
[07:04:2026]-[18:51:41]_surprise_SUCCESS
[07:04:2026]-[18:51:51]_secret_RUNNING
[07:04:2026]-[18:51:51]_secret_SUCCESS
[07:04:2026]-[18:51:51]_surprise_RUNNING
[07:04:2026]-[18:51:51]_surprise_SUCCESS
[07:04:2026]-[18:51:52]_decrypt_RUNNING
[07:04:2026]-[18:51:52]_decrypt_SUCCESS
[07:04:2026]-[18:52:01]_secret_RUNNING
[07:04:2026]-[18:52:01]_secret_SUCCESS
[07:04:2026]-[18:52:01]_surprise_RUNNING
[07:04:2026]-[18:52:01]_surprise_SUCCESS
[07:04:2026]-[18:52:11]_secret_RUNNING
[07:04:2026]-[18:52:11]_secret_SUCCESS
[07:04:2026]-[18:52:11]_surprise_RUNNING
[07:04:2026]-[18:52:11]_surprise_SUCCESS
[07:04:2026]-[18:52:21]_secret_RUNNING
[07:04:2026]-[18:52:21]_secret_SUCCESS
[07:04:2026]-[18:52:21]_surprise_RUNNING
[07:04:2026]-[18:52:21]_surprise_SUCCESS
[07:04:2026]-[18:52:31]_secret_RUNNING
[07:04:2026]-[18:52:31]_secret_SUCCESS
[07:04:2026]-[18:52:31]_surprise_RUNNING
[07:04:2026]-[18:52:31]_surprise_SUCCESS
[07:04:2026]-[18:52:41]_secret_RUNNING
[07:04:2026]-[18:52:41]_secret_SUCCESS
[07:04:2026]-[18:52:41]_surprise_RUNNING
[07:04:2026]-[18:52:41]_surprise_SUCCESS
[07:04:2026]-[18:52:51]_secret_RUNNING
[07:04:2026]-[18:52:51]_secret_SUCCESS
[07:04:2026]-[18:52:51]_surprise_RUNNING
[07:04:2026]-[18:52:51]_surprise_SUCCESS
[07:04:2026]-[18:53:01]_secret_RUNNING
[07:04:2026]-[18:53:01]_secret_SUCCESS
[07:04:2026]-[18:53:01]_surprise_RUNNING
[07:04:2026]-[18:53:01]_surprise_SUCCESS
[07:04:2026]-[18:53:11]_secret_RUNNING
[07:04:2026]-[18:53:11]_secret_SUCCESS
[07:04:2026]-[18:53:11]_surprise_RUNNING
[07:04:2026]-[18:53:11]_surprise_SUCCESS
[07:04:2026]-[18:53:21]_secret_RUNNING
[07:04:2026]-[18:53:21]_secret_SUCCESS
[07:04:2026]-[18:53:21]_surprise_RUNNING
[07:04:2026]-[18:53:21]_surprise_SUCCESS
[07:04:2026]-[18:53:31]_secret_RUNNING
[07:04:2026]-[18:53:31]_secret_SUCCESS
[07:04:2026]-[18:53:31]_surprise_RUNNING
[07:04:2026]-[18:53:31]_surprise_SUCCESS
[07:04:2026]-[18:53:41]_secret_RUNNING
[07:04:2026]-[18:53:41]_secret_SUCCESS
[07:04:2026]-[18:53:41]_surprise_RUNNING
[07:04:2026]-[18:53:41]_surprise_SUCCESS
[07:04:2026]-[18:53:51]_secret_RUNNING
[07:04:2026]-[18:53:51]_secret_SUCCESS
[07:04:2026]-[18:53:51]_surprise_RUNNING
[07:04:2026]-[18:53:51]_surprise_SUCCESS
[07:04:2026]-[18:54:01]_secret_RUNNING
[07:04:2026]-[18:54:01]_secret_SUCCESS
[07:04:2026]-[18:54:01]_surprise_RUNNING
[07:04:2026]-[18:54:01]_surprise_SUCCESS
[07:04:2026]-[18:54:11]_secret_RUNNING
[07:04:2026]-[18:54:11]_secret_SUCCESS
[07:04:2026]-[18:54:11]_surprise_RUNNING
[07:04:2026]-[18:54:11]_surprise_SUCCESS
[07:04:2026]-[18:54:21]_secret_RUNNING
[07:04:2026]-[18:54:21]_secret_SUCCESS
[07:04:2026]-[18:54:21]_surprise_RUNNING
[07:04:2026]-[18:54:21]_surprise_SUCCESS
[07:04:2026]-[18:54:31]_secret_RUNNING
[07:04:2026]-[18:54:31]_secret_SUCCESS
[07:04:2026]-[18:54:31]_surprise_RUNNING
[07:04:2026]-[18:54:31]_surprise_SUCCESS
[07:04:2026]-[18:54:41]_secret_RUNNING
[07:04:2026]-[18:54:41]_secret_SUCCESS
[07:04:2026]-[18:54:41]_surprise_RUNNING
[07:04:2026]-[18:54:41]_surprise_SUCCESS
[07:04:2026]-[18:54:51]_secret_RUNNING
[07:04:2026]-[18:54:51]_secret_SUCCESS
[07:04:2026]-[18:54:51]_surprise_RUNNING
[07:04:2026]-[18:54:51]_surprise_SUCCESS
[07:04:2026]-[18:55:01]_secret_RUNNING
[07:04:2026]-[18:55:01]_secret_SUCCESS
[07:04:2026]-[18:55:01]_surprise_RUNNING
[07:04:2026]-[18:55:01]_surprise_SUCCESS
[07:04:2026]-[18:55:10]_kill_RUNNING
[07:04:2026]-[18:55:10]_kill_SUCCESS
[08:04:2026]-[08:00:16]_secret_RUNNING
[08:04:2026]-[08:00:16]_secret_SUCCESS
[08:04:2026]-[08:00:16]_surprise_RUNNING
[08:04:2026]-[08:00:16]_surprise_SUCCESS
[08:04:2026]-[08:00:26]_secret_RUNNING
[08:04:2026]-[08:00:26]_secret_SUCCESS
[08:04:2026]-[08:00:26]_surprise_RUNNING
[08:04:2026]-[08:00:26]_surprise_SUCCESS
[08:04:2026]-[08:00:36]_secret_RUNNING
[08:04:2026]-[08:00:36]_secret_SUCCESS
[08:04:2026]-[08:00:36]_surprise_RUNNING
[08:04:2026]-[08:00:36]_surprise_SUCCESS
[08:04:2026]-[08:00:46]_secret_RUNNING
[08:04:2026]-[08:00:46]_secret_SUCCESS
[08:04:2026]-[08:00:46]_surprise_RUNNING
[08:04:2026]-[08:00:46]_surprise_SUCCESS
[08:04:2026]-[08:00:56]_secret_RUNNING
[08:04:2026]-[08:00:56]_secret_SUCCESS
[08:04:2026]-[08:00:56]_surprise_RUNNING
[08:04:2026]-[08:00:56]_surprise_SUCCESS
[08:04:2026]-[08:01:06]_secret_RUNNING
[08:04:2026]-[08:01:06]_secret_SUCCESS
[08:04:2026]-[08:01:06]_surprise_RUNNING
[08:04:2026]-[08:01:06]_surprise_SUCCESS
[08:04:2026]-[08:01:09]_decrypt_RUNNING
[08:04:2026]-[08:01:09]_decrypt_SUCCESS
[08:04:2026]-[08:01:16]_secret_RUNNING
[08:04:2026]-[08:01:16]_secret_SUCCESS
[08:04:2026]-[08:01:16]_surprise_RUNNING
[08:04:2026]-[08:01:16]_surprise_SUCCESS
[08:04:2026]-[08:01:26]_secret_RUNNING
[08:04:2026]-[08:01:26]_secret_SUCCESS
[08:04:2026]-[08:01:26]_surprise_RUNNING
[08:04:2026]-[08:01:26]_surprise_SUCCESS
[08:04:2026]-[08:01:36]_secret_RUNNING
[08:04:2026]-[08:01:36]_secret_SUCCESS
[08:04:2026]-[08:01:36]_surprise_RUNNING
[08:04:2026]-[08:01:36]_surprise_SUCCESS
[08:04:2026]-[08:01:37]_decrypt_RUNNING
[08:04:2026]-[08:01:37]_decrypt_SUCCESS
[08:04:2026]-[08:01:46]_secret_RUNNING
[08:04:2026]-[08:01:46]_secret_SUCCESS
[08:04:2026]-[08:01:46]_surprise_RUNNING
[08:04:2026]-[08:01:46]_surprise_SUCCESS
[08:04:2026]-[08:01:48]_kill_RUNNING
[08:04:2026]-[08:01:48]_kill_SUCCESS
